[2023-08-30T10:48:25.824370+02:00] Order.INFO: execute [] []
[2023-08-30T10:48:25.828485+02:00] Order.INFO: sanitize {"inputs":{"id":"8"}} []
[2023-08-30T10:48:25.829388+02:00] LibOrder.INFO: get {"id":"8"} []
[2023-08-30T10:48:25.830274+02:00] LibOrder.INFO: get {"query":"SELECT OS.id, OS.reference, OS.email, T.name, A.adresse, A.code_postale, A.ville, A.pays, A.telephone, DATE_FORMAT(OS.created_at, \"%Y-%m-%d\") as created_at, OS.total  FROM orders AS OS JOIN transporteur as T ON T.id = OS.idTransporteur JOIN adresse as A ON A.id = OS.idAdresse WHERE OS.id = :id"} []
[2023-08-30T10:48:25.831076+02:00] LibDb.INFO: getPDO [] []
[2023-08-30T10:48:25.834644+02:00] LibOrder.INFO: get {"Success (1) or Failure (0)?":true} []
[2023-08-30T10:48:25.836182+02:00] LibOrder.INFO: get {"Success (1) or Failure (0) ?":true} []
[2023-08-30T10:48:25.837488+02:00] LibOrder.INFO: get {"result":{"id":8,"reference":"8026585","email":"sofia@gmail.com","name":"Chrono Express","adresse":"55 allee des moineaux","code_postale":78955,"ville":"Carrieres-sous-Poissy","pays":"France","telephone":600000000,"created_at":"2023-08-30","total":1214}} []
[2023-08-30T10:48:25.838588+02:00] LibOrder.INFO: getOrderdetails {"id":"8"} []
[2023-08-30T10:48:25.839454+02:00] LibOrder.INFO: getOrderdetails {"query":"SELECT product_name, product_price, product_quantity FROM orderdetails WHERE idOrder = :id"} []
[2023-08-30T10:48:25.840319+02:00] LibDb.INFO: getPDO [] []
[2023-08-30T10:48:25.842397+02:00] LibOrder.INFO: getOrderdetails {"Success (1) or Failure (0)?":true} []
[2023-08-30T10:48:25.843397+02:00] LibOrder.INFO: getOrderdetails {"Orderdetials":[{"product_name":"Climatiseur réversible Monosplit - Pompe à chaleur","product_price":"499","product_quantity":"2"}]} []
[2023-08-30T10:48:25.844485+02:00] Order.INFO: execute {"elapsedTime":0.016398906707763672} []
[2023-08-30T10:49:15.324384+02:00] Order.INFO: execute [] []
[2023-08-30T10:49:15.328961+02:00] Order.INFO: sanitize {"inputs":{"id":"8"}} []
[2023-08-30T10:49:15.330306+02:00] LibOrder.INFO: get {"id":"8"} []
[2023-08-30T10:49:15.331172+02:00] LibOrder.INFO: get {"query":"SELECT OS.id, OS.reference, OS.email, T.name, A.adresse, A.code_postale, A.ville, A.pays, A.telephone, DATE_FORMAT(OS.created_at, \"%Y-%m-%d\") as created_at, OS.total  FROM orders AS OS JOIN transporteur as T ON T.id = OS.idTransporteur JOIN adresse as A ON A.id = OS.idAdresse WHERE OS.id = :id"} []
[2023-08-30T10:49:15.331786+02:00] LibDb.INFO: getPDO [] []
[2023-08-30T10:49:15.333684+02:00] LibOrder.INFO: get {"Success (1) or Failure (0)?":true} []
[2023-08-30T10:49:15.334954+02:00] LibOrder.INFO: get {"Success (1) or Failure (0) ?":true} []
[2023-08-30T10:49:15.335914+02:00] LibOrder.INFO: get {"result":{"id":8,"reference":"8026585","email":"sofia@gmail.com","name":"Chrono Express","adresse":"55 allee des moineaux","code_postale":78955,"ville":"Carrieres-sous-Poissy","pays":"France","telephone":600000000,"created_at":"2023-08-30","total":1214}} []
[2023-08-30T10:49:15.337080+02:00] LibOrder.INFO: getOrderdetails {"id":"8"} []
[2023-08-30T10:49:15.338035+02:00] LibOrder.INFO: getOrderdetails {"query":"SELECT product_name, product_price, product_quantity FROM orderdetails WHERE idOrder = :id"} []
[2023-08-30T10:49:15.340385+02:00] LibDb.INFO: getPDO [] []
[2023-08-30T10:49:15.342929+02:00] LibOrder.INFO: getOrderdetails {"Success (1) or Failure (0)?":true} []
[2023-08-30T10:49:15.343986+02:00] LibOrder.INFO: getOrderdetails {"Orderdetials":[{"product_name":"Climatiseur réversible Monosplit - Pompe à chaleur","product_price":"499","product_quantity":"2"}]} []
[2023-08-30T10:49:15.345007+02:00] Order.INFO: execute {"elapsedTime":0.01662588119506836} []
